<?xml version="1.0" encoding="UTF-8"?>
<!-- Generated by org.testng.reporters.JUnitXMLReporter -->
<testsuite hostname="LAPTOP-D563QBST" ignored="0" name="Test" tests="5" failures="2" timestamp="25 May 2020 06:36:29 GMT" time="168.858" errors="0">
  <testcase name="ValidateHomePage" time="27.862" classname="HomePageValidation.SangamTest.ValidateHomePageTest"/>
  <testcase name="DOBValidDateError" time="51.07" classname="HomePageValidation.SangamTest.DOBValidDateErrorTest"/>
  <testcase name="HomeEmailValidation" time="41.046" classname="HomePageValidation.SangamTest.HomeEmailValidationTest">
    <failure type="java.lang.IndexOutOfBoundsException" message="Index: 8, Size: 8">
      <![CDATA[java.lang.IndexOutOfBoundsException: Index: 8, Size: 8
	at java.util.ArrayList.rangeCheck(Unknown Source)
	at java.util.ArrayList.get(Unknown Source)
	at HomePageValidation.SangamTest.HomeEmailValidationTest.HomeEmailValidation(HomeEmailValidationTest.java:54)
... Removed 25 stack frames]]>
    </failure>
  </testcase> <!-- HomeEmailValidation -->
  <testcase name="CommunityErrorMessage" time="15.799" classname="HomePageValidation.SangamTest.CommunityErrorMessageTest">
    <failure type="org.openqa.selenium.WebDriverException" message="An unknown server-side error occurred while processing the command. Original error: Could not proxy command to remote server. Original error: Error: socket hang up
Build info: version: &amp;apos;3.141.59&amp;apos;, revision: &amp;apos;e82be7d358&amp;apos;, time: &amp;apos;2018-11-14T08:17:03&amp;apos;
System info: host: &amp;apos;LAPTOP-D563QBST&amp;apos;, ip: &amp;apos;192.168.1.101&amp;apos;, os.name: &amp;apos;Windows 10&amp;apos;, os.arch: &amp;apos;amd64&amp;apos;, os.version: &amp;apos;10.0&amp;apos;, java.version: &amp;apos;1.8.0_181&amp;apos;
Driver info: io.appium.java_client.android.AndroidDriver
Capabilities {appActivity: com.communityshaadi.android..., appPackage: com.communityshaadi.android, automationName: uiautomator2, databaseEnabled: false, desired: {appActivity: com.communityshaadi.android..., appPackage: com.communityshaadi.android, automationName: uiautomator2, deviceName: Android Device, newCommandTimeout: 14, noSign: true, platformName: android}, deviceApiLevel: 27, deviceManufacturer: HUAWEI, deviceModel: JSN-L42, deviceName: NDD4C18A11020124, deviceScreenDensity: 480, deviceScreenSize: 1080x2340, deviceUDID: NDD4C18A11020124, javascriptEnabled: true, locationContextEnabled: false, networkConnectionEnabled: true, newCommandTimeout: 14, noSign: true, pixelRatio: 3, platform: LINUX, platformName: Android, platformVersion: 8.1.0, statBarHeight: 85, takesScreenshot: true, viewportRect: {height: 2137, left: 0, top: 85, width: 1080}, warnings: {}, webStorageEnabled: false}
Session ID: f07c9025-d031-4a0a-b7a4-17a4e8bb5ece
*** Element info: {Using=-android uiautomator, value=new UiScrollable(new UiSelector()).scrollIntoView(text(&amp;quot;Create Profile for&amp;quot;));}">
      <![CDATA[org.openqa.selenium.WebDriverException: An unknown server-side error occurred while processing the command. Original error: Could not proxy command to remote server. Original error: Error: socket hang up
Build info: version: '3.141.59', revision: 'e82be7d358', time: '2018-11-14T08:17:03'
System info: host: 'LAPTOP-D563QBST', ip: '192.168.1.101', os.name: 'Windows 10', os.arch: 'amd64', os.version: '10.0', java.version: '1.8.0_181'
Driver info: io.appium.java_client.android.AndroidDriver
Capabilities {appActivity: com.communityshaadi.android..., appPackage: com.communityshaadi.android, automationName: uiautomator2, databaseEnabled: false, desired: {appActivity: com.communityshaadi.android..., appPackage: com.communityshaadi.android, automationName: uiautomator2, deviceName: Android Device, newCommandTimeout: 14, noSign: true, platformName: android}, deviceApiLevel: 27, deviceManufacturer: HUAWEI, deviceModel: JSN-L42, deviceName: NDD4C18A11020124, deviceScreenDensity: 480, deviceScreenSize: 1080x2340, deviceUDID: NDD4C18A11020124, javascriptEnabled: true, locationContextEnabled: false, networkConnectionEnabled: true, newCommandTimeout: 14, noSign: true, pixelRatio: 3, platform: LINUX, platformName: Android, platformVersion: 8.1.0, statBarHeight: 85, takesScreenshot: true, viewportRect: {height: 2137, left: 0, top: 85, width: 1080}, warnings: {}, webStorageEnabled: false}
Session ID: f07c9025-d031-4a0a-b7a4-17a4e8bb5ece
*** Element info: {Using=-android uiautomator, value=new UiScrollable(new UiSelector()).scrollIntoView(text("Create Profile for"));}
	at org.openqa.selenium.remote.http.W3CHttpResponseCodec.createException(W3CHttpResponseCodec.java:187)
	at org.openqa.selenium.remote.http.W3CHttpResponseCodec.decode(W3CHttpResponseCodec.java:122)
	at org.openqa.selenium.remote.http.W3CHttpResponseCodec.decode(W3CHttpResponseCodec.java:49)
	at org.openqa.selenium.remote.HttpCommandExecutor.execute(HttpCommandExecutor.java:158)
	at io.appium.java_client.remote.AppiumCommandExecutor.execute(AppiumCommandExecutor.java:239)
	at org.openqa.selenium.remote.RemoteWebDriver.execute(RemoteWebDriver.java:552)
	at io.appium.java_client.DefaultGenericMobileDriver.execute(DefaultGenericMobileDriver.java:41)
	at io.appium.java_client.AppiumDriver.execute(AppiumDriver.java:1)
	at io.appium.java_client.android.AndroidDriver.execute(AndroidDriver.java:1)
	at org.openqa.selenium.remote.RemoteWebDriver.findElement(RemoteWebDriver.java:323)
	at io.appium.java_client.DefaultGenericMobileDriver.findElement(DefaultGenericMobileDriver.java:61)
	at io.appium.java_client.AppiumDriver.findElement(AppiumDriver.java:1)
	at io.appium.java_client.android.AndroidDriver.findElement(AndroidDriver.java:1)
	at io.appium.java_client.FindsByAndroidUIAutomator.findElementByAndroidUIAutomator(FindsByAndroidUIAutomator.java:38)
	at HomePageValidation.SangamTest.Utilities.scrollToText(Utilities.java:17)
	at HomePageValidation.SangamTest.CommunityErrorMessageTest.CommunityErrorMessage(CommunityErrorMessageTest.java:31)
... Removed 29 stack frames]]>
    </failure>
  </testcase> <!-- CommunityErrorMessage -->
  <testcase name="DOBBlankError" time="30.018" classname="HomePageValidation.SangamTest.DOBBlankErrorTest"/>
</testsuite> <!-- Test -->
