<!DOCTYPE html PUBLIC "-//W3C//DTD XHTML 1.1//EN" "http://www.w3.org/TR/xhtml11/DTD/xhtml11.dtd">
<html xmlns="http://www.w3.org/1999/xhtml"><head><title>TestNG Report</title><style type="text/css">table {margin-bottom:10px;border-collapse:collapse;empty-cells:show}th,td {border:1px solid #009;padding:.25em .5em}th {vertical-align:bottom}td {vertical-align:top}table a {font-weight:bold}.stripe td {background-color: #E6EBF9}.num {text-align:right}.passedodd td {background-color: #3F3}.passedeven td {background-color: #0A0}.skippedodd td {background-color: #DDD}.skippedeven td {background-color: #CCC}.failedodd td,.attn {background-color: #F33}.failedeven td,.stripe .attn {background-color: #D00}.stacktrace {white-space:pre;font-family:monospace}.totop {font-size:85%;text-align:center;border-bottom:2px solid #000}</style></head><body><table><tr><th>Test</th><th># Passed</th><th># Skipped</th><th># Failed</th><th>Time (ms)</th><th>Included Groups</th><th>Excluded Groups</th></tr><tr><th colspan="7">Suite</th></tr><tr><td><a href="#t0">Test</a></td><td class="num">3</td><td class="num">0</td><td class="num attn">2</td><td class="num">168,858</td><td></td><td></td></tr></table><table id='summary'><thead><tr><th>Class</th><th>Method</th><th>Start</th><th>Time (ms)</th></tr></thead><tbody><tr><th colspan="4">Suite</th></tr></tbody><tbody id="t0"><tr><th colspan="4">Test &#8212; failed</th></tr><tr class="failedeven"><td rowspan="1">HomePageValidation.SangamTest.CommunityErrorMessageTest</td><td><a href="#m0">CommunityErrorMessage</a></td><td rowspan="1">1590388543748</td><td rowspan="1">15799</td></tr><tr class="failedodd"><td rowspan="1">HomePageValidation.SangamTest.HomeEmailValidationTest</td><td><a href="#m1">HomeEmailValidation</a></td><td rowspan="1">1590388502699</td><td rowspan="1">41046</td></tr><tr><th colspan="4">Test &#8212; passed</th></tr><tr class="passedeven"><td rowspan="1">HomePageValidation.SangamTest.DOBBlankErrorTest</td><td><a href="#m2">DOBBlankError</a></td><td rowspan="1">1590388559549</td><td rowspan="1">30018</td></tr><tr class="passedodd"><td rowspan="1">HomePageValidation.SangamTest.DOBValidDateErrorTest</td><td><a href="#m3">DOBValidDateError</a></td><td rowspan="1">1590388451628</td><td rowspan="1">51070</td></tr><tr class="passedeven"><td rowspan="1">HomePageValidation.SangamTest.ValidateHomePageTest</td><td><a href="#m4">ValidateHomePage</a></td><td rowspan="1">1590388423764</td><td rowspan="1">27862</td></tr></tbody></table><h2>Test</h2><h3 id="m0">HomePageValidation.SangamTest.CommunityErrorMessageTest#CommunityErrorMessage</h3><table class="result"><tr><th>Exception</th></tr><tr><td><div class="stacktrace">org.openqa.selenium.WebDriverException: An unknown server-side error occurred while processing the command. Original error: Could not proxy command to remote server. Original error: Error: socket hang up
Build info: version: &apos;3.141.59&apos;, revision: &apos;e82be7d358&apos;, time: &apos;2018-11-14T08:17:03&apos;
System info: host: &apos;LAPTOP-D563QBST&apos;, ip: &apos;192.168.1.101&apos;, os.name: &apos;Windows 10&apos;, os.arch: &apos;amd64&apos;, os.version: &apos;10.0&apos;, java.version: &apos;1.8.0_181&apos;
Driver info: io.appium.java_client.android.AndroidDriver
Capabilities {appActivity: com.communityshaadi.android..., appPackage: com.communityshaadi.android, automationName: uiautomator2, databaseEnabled: false, desired: {appActivity: com.communityshaadi.android..., appPackage: com.communityshaadi.android, automationName: uiautomator2, deviceName: Android Device, newCommandTimeout: 14, noSign: true, platformName: android}, deviceApiLevel: 27, deviceManufacturer: HUAWEI, deviceModel: JSN-L42, deviceName: NDD4C18A11020124, deviceScreenDensity: 480, deviceScreenSize: 1080x2340, deviceUDID: NDD4C18A11020124, javascriptEnabled: true, locationContextEnabled: false, networkConnectionEnabled: true, newCommandTimeout: 14, noSign: true, pixelRatio: 3, platform: LINUX, platformName: Android, platformVersion: 8.1.0, statBarHeight: 85, takesScreenshot: true, viewportRect: {height: 2137, left: 0, top: 85, width: 1080}, warnings: {}, webStorageEnabled: false}
Session ID: f07c9025-d031-4a0a-b7a4-17a4e8bb5ece
*** Element info: {Using=-android uiautomator, value=new UiScrollable(new UiSelector()).scrollIntoView(text(&quot;Create Profile for&quot;));}
	at org.openqa.selenium.remote.http.W3CHttpResponseCodec.createException(W3CHttpResponseCodec.java:187)
	at org.openqa.selenium.remote.http.W3CHttpResponseCodec.decode(W3CHttpResponseCodec.java:122)
	at org.openqa.selenium.remote.http.W3CHttpResponseCodec.decode(W3CHttpResponseCodec.java:49)
	at org.openqa.selenium.remote.HttpCommandExecutor.execute(HttpCommandExecutor.java:158)
	at io.appium.java_client.remote.AppiumCommandExecutor.execute(AppiumCommandExecutor.java:239)
	at org.openqa.selenium.remote.RemoteWebDriver.execute(RemoteWebDriver.java:552)
	at io.appium.java_client.DefaultGenericMobileDriver.execute(DefaultGenericMobileDriver.java:41)
	at io.appium.java_client.AppiumDriver.execute(AppiumDriver.java:1)
	at io.appium.java_client.android.AndroidDriver.execute(AndroidDriver.java:1)
	at org.openqa.selenium.remote.RemoteWebDriver.findElement(RemoteWebDriver.java:323)
	at io.appium.java_client.DefaultGenericMobileDriver.findElement(DefaultGenericMobileDriver.java:61)
	at io.appium.java_client.AppiumDriver.findElement(AppiumDriver.java:1)
	at io.appium.java_client.android.AndroidDriver.findElement(AndroidDriver.java:1)
	at io.appium.java_client.FindsByAndroidUIAutomator.findElementByAndroidUIAutomator(FindsByAndroidUIAutomator.java:38)
	at HomePageValidation.SangamTest.Utilities.scrollToText(Utilities.java:17)
	at HomePageValidation.SangamTest.CommunityErrorMessageTest.CommunityErrorMessage(CommunityErrorMessageTest.java:31)
... Removed 29 stack frames</div></td></tr></table><p class="totop"><a href="#summary">back to summary</a></p><h3 id="m1">HomePageValidation.SangamTest.HomeEmailValidationTest#HomeEmailValidation</h3><table class="result"><tr><th>Exception</th></tr><tr><td><div class="stacktrace">java.lang.IndexOutOfBoundsException: Index: 8, Size: 8
	at java.util.ArrayList.rangeCheck(Unknown Source)
	at java.util.ArrayList.get(Unknown Source)
	at HomePageValidation.SangamTest.HomeEmailValidationTest.HomeEmailValidation(HomeEmailValidationTest.java:54)
... Removed 25 stack frames</div></td></tr></table><p class="totop"><a href="#summary">back to summary</a></p><h3 id="m2">HomePageValidation.SangamTest.DOBBlankErrorTest#DOBBlankError</h3><table class="result"></table><p class="totop"><a href="#summary">back to summary</a></p><h3 id="m3">HomePageValidation.SangamTest.DOBValidDateErrorTest#DOBValidDateError</h3><table class="result"></table><p class="totop"><a href="#summary">back to summary</a></p><h3 id="m4">HomePageValidation.SangamTest.ValidateHomePageTest#ValidateHomePage</h3><table class="result"></table><p class="totop"><a href="#summary">back to summary</a></p></body></html>